<?xml version="1.0" encoding="UTF-8"?>
<testsuite name="com.proj.restapi.RestApiApplicationTests" tests="1" skipped="0" failures="0" errors="0" timestamp="2022-07-18T18:31:16" hostname="CHENS-TB" time="0.744">
  <properties/>
  <testcase name="contextLoads()" classname="com.proj.restapi.RestApiApplicationTests" time="0.744"/>
  <system-out><![CDATA[21:31:10.007 [Test worker] DEBUG org.springframework.test.context.BootstrapUtils - Instantiating CacheAwareContextLoaderDelegate from class [org.springframework.test.context.cache.DefaultCacheAwareContextLoaderDelegate]
21:31:10.023 [Test worker] DEBUG org.springframework.test.context.BootstrapUtils - Instantiating BootstrapContext using constructor [public org.springframework.test.context.support.DefaultBootstrapContext(java.lang.Class,org.springframework.test.context.CacheAwareContextLoaderDelegate)]
21:31:10.093 [Test worker] DEBUG org.springframework.test.context.BootstrapUtils - Instantiating TestContextBootstrapper for test class [com.proj.restapi.RestApiApplicationTests] from class [org.springframework.boot.test.context.SpringBootTestContextBootstrapper]
21:31:10.119 [Test worker] INFO org.springframework.boot.test.context.SpringBootTestContextBootstrapper - Neither @ContextConfiguration nor @ContextHierarchy found for test class [com.proj.restapi.RestApiApplicationTests], using SpringBootContextLoader
21:31:10.124 [Test worker] DEBUG org.springframework.test.context.support.AbstractContextLoader - Did not detect default resource location for test class [com.proj.restapi.RestApiApplicationTests]: class path resource [com/proj/restapi/RestApiApplicationTests-context.xml] does not exist
21:31:10.124 [Test worker] DEBUG org.springframework.test.context.support.AbstractContextLoader - Did not detect default resource location for test class [com.proj.restapi.RestApiApplicationTests]: class path resource [com/proj/restapi/RestApiApplicationTestsContext.groovy] does not exist
21:31:10.125 [Test worker] INFO org.springframework.test.context.support.AbstractContextLoader - Could not detect default resource locations for test class [com.proj.restapi.RestApiApplicationTests]: no resource found for suffixes {-context.xml, Context.groovy}.
21:31:10.126 [Test worker] INFO org.springframework.test.context.support.AnnotationConfigContextLoaderUtils - Could not detect default configuration classes for test class [com.proj.restapi.RestApiApplicationTests]: RestApiApplicationTests does not declare any static, non-private, non-final, nested classes annotated with @Configuration.
21:31:10.230 [Test worker] DEBUG org.springframework.test.context.support.ActiveProfilesUtils - Could not find an 'annotation declaring class' for annotation type [org.springframework.test.context.ActiveProfiles] and class [com.proj.restapi.RestApiApplicationTests]
21:31:10.369 [Test worker] DEBUG org.springframework.context.annotation.ClassPathScanningCandidateComponentProvider - Identified candidate component class: file [C:\Chen\MMC-Fitness\MMC-Fitness\REST-API\build\classes\java\main\com\proj\restapi\RestApiApplication.class]
21:31:10.375 [Test worker] INFO org.springframework.boot.test.context.SpringBootTestContextBootstrapper - Found @SpringBootConfiguration com.proj.restapi.RestApiApplication for test class com.proj.restapi.RestApiApplicationTests
21:31:10.652 [Test worker] DEBUG org.springframework.boot.test.context.SpringBootTestContextBootstrapper - @TestExecutionListeners is not present for class [com.proj.restapi.RestApiApplicationTests]: using defaults.
21:31:10.653 [Test worker] INFO org.springframework.boot.test.context.SpringBootTestContextBootstrapper - Loaded default TestExecutionListener class names from location [META-INF/spring.factories]: [org.springframework.boot.test.autoconfigure.restdocs.RestDocsTestExecutionListener, org.springframework.boot.test.autoconfigure.web.client.MockRestServiceServerResetTestExecutionListener, org.springframework.boot.test.autoconfigure.web.servlet.MockMvcPrintOnlyOnFailureTestExecutionListener, org.springframework.boot.test.autoconfigure.web.servlet.WebDriverTestExecutionListener, org.springframework.boot.test.autoconfigure.webservices.client.MockWebServiceServerTestExecutionListener, org.springframework.boot.test.mock.mockito.MockitoTestExecutionListener, org.springframework.boot.test.mock.mockito.ResetMocksTestExecutionListener, org.springframework.test.context.web.ServletTestExecutionListener, org.springframework.test.context.support.DirtiesContextBeforeModesTestExecutionListener, org.springframework.test.context.event.ApplicationEventsTestExecutionListener, org.springframework.test.context.support.DependencyInjectionTestExecutionListener, org.springframework.test.context.support.DirtiesContextTestExecutionListener, org.springframework.test.context.transaction.TransactionalTestExecutionListener, org.springframework.test.context.jdbc.SqlScriptsTestExecutionListener, org.springframework.test.context.event.EventPublishingTestExecutionListener]
21:31:10.686 [Test worker] DEBUG org.springframework.boot.test.context.SpringBootTestContextBootstrapper - Skipping candidate TestExecutionListener [org.springframework.test.context.transaction.TransactionalTestExecutionListener] due to a missing dependency. Specify custom listener classes or make the default listener classes and their required dependencies available. Offending class: [org/springframework/transaction/TransactionDefinition]
21:31:10.686 [Test worker] DEBUG org.springframework.boot.test.context.SpringBootTestContextBootstrapper - Skipping candidate TestExecutionListener [org.springframework.test.context.jdbc.SqlScriptsTestExecutionListener] due to a missing dependency. Specify custom listener classes or make the default listener classes and their required dependencies available. Offending class: [org/springframework/transaction/interceptor/TransactionAttribute]
21:31:10.687 [Test worker] INFO org.springframework.boot.test.context.SpringBootTestContextBootstrapper - Using TestExecutionListeners: [org.springframework.test.context.web.ServletTestExecutionListener@6d54db41, org.springframework.test.context.support.DirtiesContextBeforeModesTestExecutionListener@202be07d, org.springframework.test.context.event.ApplicationEventsTestExecutionListener@41dd15c9, org.springframework.boot.test.mock.mockito.MockitoTestExecutionListener@130cd584, org.springframework.boot.test.autoconfigure.SpringBootDependencyInjectionTestExecutionListener@58c99a77, org.springframework.test.context.support.DirtiesContextTestExecutionListener@279ea11b, org.springframework.test.context.event.EventPublishingTestExecutionListener@e449b7c, org.springframework.boot.test.autoconfigure.restdocs.RestDocsTestExecutionListener@7b11cfc5, org.springframework.boot.test.autoconfigure.web.client.MockRestServiceServerResetTestExecutionListener@6f9fe8f2, org.springframework.boot.test.autoconfigure.web.servlet.MockMvcPrintOnlyOnFailureTestExecutionListener@3d5b0a63, org.springframework.boot.test.autoconfigure.web.servlet.WebDriverTestExecutionListener@17eee9cf, org.springframework.boot.test.autoconfigure.webservices.client.MockWebServiceServerTestExecutionListener@62f46310, org.springframework.boot.test.mock.mockito.ResetMocksTestExecutionListener@72bccfc4]
21:31:10.693 [Test worker] DEBUG org.springframework.test.context.support.AbstractDirtiesContextTestExecutionListener - Before test class: context [DefaultTestContext@f31850c testClass = RestApiApplicationTests, testInstance = [null], testMethod = [null], testException = [null], mergedContextConfiguration = [WebMergedContextConfiguration@68a38563 testClass = RestApiApplicationTests, locations = '{}', classes = '{class com.proj.restapi.RestApiApplication}', contextInitializerClasses = '[]', activeProfiles = '{}', propertySourceLocations = '{}', propertySourceProperties = '{org.springframework.boot.test.context.SpringBootTestContextBootstrapper=true}', contextCustomizers = set[org.springframework.boot.test.autoconfigure.actuate.metrics.MetricsExportContextCustomizerFactory$DisableMetricExportContextCustomizer@61ccebc5, org.springframework.boot.test.autoconfigure.properties.PropertyMappingContextCustomizer@0, org.springframework.boot.test.autoconfigure.web.servlet.WebDriverContextCustomizerFactory$Customizer@1ee9789d, org.springframework.boot.test.context.filter.ExcludeFilterContextCustomizer@199dbed5, org.springframework.boot.test.json.DuplicateJsonObjectContextCustomizerFactory$DuplicateJsonObjectContextCustomizer@2609595e, org.springframework.boot.test.mock.mockito.MockitoContextCustomizer@0, org.springframework.boot.test.web.client.TestRestTemplateContextCustomizer@4ec77814, org.springframework.boot.test.context.SpringBootTestArgs@1, org.springframework.boot.test.context.SpringBootTestWebEnvironment@5e84be71], resourceBasePath = 'src/main/webapp', contextLoader = 'org.springframework.boot.test.context.SpringBootContextLoader', parent = [null]], attributes = map['org.springframework.test.context.web.ServletTestExecutionListener.activateListener' -> true]], class annotated with @DirtiesContext [false] with mode [null].

  .   ____          _            __ _ _
 /\\ / ___'_ __ _ _(_)_ __  __ _ \ \ \ \
( ( )\___ | '_ | '_| | '_ \/ _` | \ \ \ \
 \\/  ___)| |_)| | | | | || (_| |  ) ) ) )
  '  |____| .__|_| |_|_| |_\__, | / / / /
 =========|_|==============|___/=/_/_/_/
 :: Spring Boot ::                (v2.7.1)

2022-07-18 21:31:11.357  INFO 9588 --- [    Test worker] c.proj.restapi.RestApiApplicationTests   : Starting RestApiApplicationTests using Java 1.8.0_292 on ChenS-TB with PID 9588 (started by ChenS in C:\Chen\MMC-Fitness\MMC-Fitness\REST-API)
2022-07-18 21:31:11.358  INFO 9588 --- [    Test worker] c.proj.restapi.RestApiApplicationTests   : No active profile set, falling back to 1 default profile: "default"
2022-07-18 21:31:15.455  INFO 9588 --- [    Test worker] o.s.b.a.w.s.WelcomePageHandlerMapping    : Adding welcome page template: index
2022-07-18 21:31:16.343  INFO 9588 --- [    Test worker] c.proj.restapi.RestApiApplicationTests   : Started RestApiApplicationTests in 5.548 seconds (JVM running for 8.283)
]]></system-out>
  <system-err><![CDATA[]]></system-err>
</testsuite>
